<?xml version="1.0" encoding="UTF-8"?>
<!-- Generated by org.testng.reporters.JUnitXMLReporter -->
<testsuite hostname="Admin-PC" name="Default test" tests="8" failures="0" timestamp="5 Sep 2019 18:38:48 GMT" time="196.768" errors="0">
  <testcase name="GooglepageTitleTest" time="4.903" classname="google.qa.Testcases.SearchPageTest"/>
  <testcase name="GoogleLogoImageTest" time="3.311" classname="google.qa.Testcases.SearchPageTest"/>
  <testcase name="GooglesearchtextTest" time="2.085" classname="google.qa.Testcases.SearchPageTest"/>
  <testcase name="Googlesearchwithnovalue" time="1.837" classname="google.qa.Testcases.SearchPageTest"/>
  <testcase name="Googlesearchwithspecialchar" time="3.049" classname="google.qa.Testcases.SearchPageTest"/>
  <testcase name="Googlebtn" time="1.191" classname="google.qa.Testcases.SearchPageTest"/>
  <testcase name="GoogleLanguagelnk" time="23.184" classname="google.qa.Testcases.SearchPageTest"/>
  <testcase name="Googleautosearch" time="15.486" classname="google.qa.Testcases.SearchPageTest"/>
</testsuite> <!-- Default test -->
