<?xml version="1.0" encoding="UTF-8"?>
<testng-results skipped="9" failed="0" total="9" passed="0">
  <reporter-output>
  </reporter-output>
  <suite name="Default suite" duration-ms="89126" started-at="2019-09-05T14:23:20Z" finished-at="2019-09-05T14:24:49Z">
    <groups>
    </groups>
    <test name="Default test" duration-ms="89126" started-at="2019-09-05T14:23:20Z" finished-at="2019-09-05T14:24:49Z">
      <class name="google.qa.Testcases.SearchPageTest">
        <test-method status="FAIL" signature="setUp()[pri:0, instance:google.qa.Testcases.SearchPageTest@a6d5a6]" name="setUp" is-config="true" duration-ms="0" started-at="2019-09-05T19:53:20Z" finished-at="2019-09-05T19:53:20Z">
          <exception class="org.openqa.selenium.WebDriverException">
            <message>
              <![CDATA[unknown error: DevToolsActivePort file doesn't exist
Build info: version: '3.14.0', revision: 'aacccce0', time: '2018-08-02T20:19:58.91Z'
System info: host: 'ADMIN-PC', ip: '192.168.43.220', os.name: 'Windows 7', os.arch: 'x86', os.version: '6.1', java.version: '1.8.0_161'
Driver info: driver.version: ChromeDriver
remote stacktrace: Backtrace:
	Ordinal0 [0x010F7C93+1473683]
	Ordinal0 [0x0107ADB1+961969]
	Ordinal0 [0x010042E3+475875]
	Ordinal0 [0x00F9EA04+59908]
	Ordinal0 [0x00F9BBD7+48087]
	Ordinal0 [0x00FB9149+168265]
	Ordinal0 [0x00FB8D1D+167197]
	Ordinal0 [0x00FB742B+160811]
	Ordinal0 [0x00FA0AE6+68326]
	Ordinal0 [0x00FA1BF0+72688]
	Ordinal0 [0x00FA1B89+72585]
	Ordinal0 [0x01094B77+1067895]
	GetHandleVerifier [0x01196875+506677]
	GetHandleVerifier [0x01196610+506064]
	GetHandleVerifier [0x0119D1B8+533624]
	GetHandleVerifier [0x0119704A+508682]
	Ordinal0 [0x0108C266+1032806]
	Ordinal0 [0x0108C0DF+1032415]
	Ordinal0 [0x01096A8B+1075851]
	Ordinal0 [0x01096BF3+1076211]
	Ordinal0 [0x01095BA5+1072037]
	BaseThreadInitThunk [0x76E01174+18]
	RtlInitializeExceptionChain [0x77BCB3F5+99]
	RtlInitializeExceptionChain [0x77BCB3C8+54]
]]>
            </message>
            <full-stacktrace>
              <![CDATA[org.openqa.selenium.WebDriverException: unknown error: DevToolsActivePort file doesn't exist
Build info: version: '3.14.0', revision: 'aacccce0', time: '2018-08-02T20:19:58.91Z'
System info: host: 'ADMIN-PC', ip: '192.168.43.220', os.name: 'Windows 7', os.arch: 'x86', os.version: '6.1', java.version: '1.8.0_161'
Driver info: driver.version: ChromeDriver
remote stacktrace: Backtrace:
	Ordinal0 [0x010F7C93+1473683]
	Ordinal0 [0x0107ADB1+961969]
	Ordinal0 [0x010042E3+475875]
	Ordinal0 [0x00F9EA04+59908]
	Ordinal0 [0x00F9BBD7+48087]
	Ordinal0 [0x00FB9149+168265]
	Ordinal0 [0x00FB8D1D+167197]
	Ordinal0 [0x00FB742B+160811]
	Ordinal0 [0x00FA0AE6+68326]
	Ordinal0 [0x00FA1BF0+72688]
	Ordinal0 [0x00FA1B89+72585]
	Ordinal0 [0x01094B77+1067895]
	GetHandleVerifier [0x01196875+506677]
	GetHandleVerifier [0x01196610+506064]
	GetHandleVerifier [0x0119D1B8+533624]
	GetHandleVerifier [0x0119704A+508682]
	Ordinal0 [0x0108C266+1032806]
	Ordinal0 [0x0108C0DF+1032415]
	Ordinal0 [0x01096A8B+1075851]
	Ordinal0 [0x01096BF3+1076211]
	Ordinal0 [0x01095BA5+1072037]
	BaseThreadInitThunk [0x76E01174+18]
	RtlInitializeExceptionChain [0x77BCB3F5+99]
	RtlInitializeExceptionChain [0x77BCB3C8+54]

	at sun.reflect.NativeConstructorAccessorImpl.newInstance0(Native Method)
	at sun.reflect.NativeConstructorAccessorImpl.newInstance(Unknown Source)
	at sun.reflect.DelegatingConstructorAccessorImpl.newInstance(Unknown Source)
	at java.lang.reflect.Constructor.newInstance(Unknown Source)
	at org.openqa.selenium.remote.W3CHandshakeResponse.lambda$new$0(W3CHandshakeResponse.java:57)
	at org.openqa.selenium.remote.W3CHandshakeResponse.lambda$getResponseFunction$2(W3CHandshakeResponse.java:104)
	at org.openqa.selenium.remote.ProtocolHandshake.lambda$createSession$0(ProtocolHandshake.java:122)
	at java.util.stream.ReferencePipeline$3$1.accept(Unknown Source)
	at java.util.Spliterators$ArraySpliterator.tryAdvance(Unknown Source)
	at java.util.stream.ReferencePipeline.forEachWithCancel(Unknown Source)
	at java.util.stream.AbstractPipeline.copyIntoWithCancel(Unknown Source)
	at java.util.stream.AbstractPipeline.copyInto(Unknown Source)
	at java.util.stream.AbstractPipeline.wrapAndCopyInto(Unknown Source)
	at java.util.stream.FindOps$FindOp.evaluateSequential(Unknown Source)
	at java.util.stream.AbstractPipeline.evaluate(Unknown Source)
	at java.util.stream.ReferencePipeline.findFirst(Unknown Source)
	at org.openqa.selenium.remote.ProtocolHandshake.createSession(ProtocolHandshake.java:125)
	at org.openqa.selenium.remote.ProtocolHandshake.createSession(ProtocolHandshake.java:73)
	at org.openqa.selenium.remote.HttpCommandExecutor.execute(HttpCommandExecutor.java:136)
	at org.openqa.selenium.remote.service.DriverCommandExecutor.execute(DriverCommandExecutor.java:83)
	at org.openqa.selenium.remote.RemoteWebDriver.execute(RemoteWebDriver.java:548)
	at org.openqa.selenium.remote.RemoteWebDriver.startSession(RemoteWebDriver.java:212)
	at org.openqa.selenium.remote.RemoteWebDriver.<init>(RemoteWebDriver.java:130)
	at org.openqa.selenium.chrome.ChromeDriver.<init>(ChromeDriver.java:181)
	at org.openqa.selenium.chrome.ChromeDriver.<init>(ChromeDriver.java:168)
	at org.openqa.selenium.chrome.ChromeDriver.<init>(ChromeDriver.java:123)
	at google.qa.base.TestBase.initialization(TestBase.java:47)
	at google.qa.Testcases.SearchPageTest.setUp(SearchPageTest.java:22)
	at sun.reflect.NativeMethodAccessorImpl.invoke0(Native Method)
	at sun.reflect.NativeMethodAccessorImpl.invoke(Unknown Source)
	at sun.reflect.DelegatingMethodAccessorImpl.invoke(Unknown Source)
	at java.lang.reflect.Method.invoke(Unknown Source)
	at org.testng.internal.MethodInvocationHelper.invokeMethod(MethodInvocationHelper.java:86)
	at org.testng.internal.Invoker.invokeConfigurationMethod(Invoker.java:514)
	at org.testng.internal.Invoker.invokeConfigurations(Invoker.java:215)
	at org.testng.internal.Invoker.invokeMethod(Invoker.java:589)
	at org.testng.internal.Invoker.invokeTestMethod(Invoker.java:822)
	at org.testng.internal.Invoker.invokeTestMethods(Invoker.java:1130)
	at org.testng.internal.TestMethodWorker.invokeTestMethods(TestMethodWorker.java:129)
	at org.testng.internal.TestMethodWorker.run(TestMethodWorker.java:112)
	at org.testng.TestRunner.privateRun(TestRunner.java:782)
	at org.testng.TestRunner.run(TestRunner.java:632)
	at org.testng.SuiteRunner.runTest(SuiteRunner.java:366)
	at org.testng.SuiteRunner.runSequentially(SuiteRunner.java:361)
	at org.testng.SuiteRunner.privateRun(SuiteRunner.java:319)
	at org.testng.SuiteRunner.run(SuiteRunner.java:268)
	at org.testng.SuiteRunnerWorker.runSuite(SuiteRunnerWorker.java:52)
	at org.testng.SuiteRunnerWorker.run(SuiteRunnerWorker.java:86)
	at org.testng.TestNG.runSuitesSequentially(TestNG.java:1244)
	at org.testng.TestNG.runSuitesLocally(TestNG.java:1169)
	at org.testng.TestNG.run(TestNG.java:1064)
	at org.testng.remote.RemoteTestNG.run(RemoteTestNG.java:113)
	at org.testng.remote.RemoteTestNG.initAndRun(RemoteTestNG.java:206)
	at org.testng.remote.RemoteTestNG.main(RemoteTestNG.java:177)
]]>
            </full-stacktrace>
          </exception> <!-- org.openqa.selenium.WebDriverException -->
          <reporter-output>
          </reporter-output>
        </test-method> <!-- setUp -->
        <test-method status="SKIP" signature="Googleaapps()[pri:0, instance:google.qa.Testcases.SearchPageTest@a6d5a6]" name="Googleaapps" duration-ms="1" started-at="2019-09-05T19:54:49Z" finished-at="2019-09-05T19:54:49Z">
          <reporter-output>
          </reporter-output>
        </test-method> <!-- Googleaapps -->
        <test-method status="SKIP" signature="tearDown()[pri:0, instance:google.qa.Testcases.SearchPageTest@a6d5a6]" name="tearDown" is-config="true" duration-ms="0" started-at="2019-09-05T19:54:49Z" finished-at="2019-09-05T19:54:49Z">
          <reporter-output>
          </reporter-output>
        </test-method> <!-- tearDown -->
        <test-method status="SKIP" signature="loginPageTitleTest()[pri:1, instance:google.qa.Testcases.SearchPageTest@a6d5a6]" name="loginPageTitleTest" duration-ms="1" started-at="2019-09-05T19:54:49Z" finished-at="2019-09-05T19:54:49Z">
          <reporter-output>
          </reporter-output>
        </test-method> <!-- loginPageTitleTest -->
        <test-method status="SKIP" signature="setUp()[pri:0, instance:google.qa.Testcases.SearchPageTest@a6d5a6]" name="setUp" is-config="true" duration-ms="0" started-at="2019-09-05T19:54:49Z" finished-at="2019-09-05T19:54:49Z">
          <reporter-output>
          </reporter-output>
        </test-method> <!-- setUp -->
        <test-method status="SKIP" signature="tearDown()[pri:0, instance:google.qa.Testcases.SearchPageTest@a6d5a6]" name="tearDown" is-config="true" duration-ms="0" started-at="2019-09-05T19:54:49Z" finished-at="2019-09-05T19:54:49Z">
          <reporter-output>
          </reporter-output>
        </test-method> <!-- tearDown -->
        <test-method status="SKIP" signature="setUp()[pri:0, instance:google.qa.Testcases.SearchPageTest@a6d5a6]" name="setUp" is-config="true" duration-ms="0" started-at="2019-09-05T19:54:49Z" finished-at="2019-09-05T19:54:49Z">
          <reporter-output>
          </reporter-output>
        </test-method> <!-- setUp -->
        <test-method status="SKIP" signature="GoogleLogoImageTest()[pri:2, instance:google.qa.Testcases.SearchPageTest@a6d5a6]" name="GoogleLogoImageTest" duration-ms="0" started-at="2019-09-05T19:54:49Z" finished-at="2019-09-05T19:54:49Z">
          <reporter-output>
          </reporter-output>
        </test-method> <!-- GoogleLogoImageTest -->
        <test-method status="SKIP" signature="tearDown()[pri:0, instance:google.qa.Testcases.SearchPageTest@a6d5a6]" name="tearDown" is-config="true" duration-ms="0" started-at="2019-09-05T19:54:49Z" finished-at="2019-09-05T19:54:49Z">
          <reporter-output>
          </reporter-output>
        </test-method> <!-- tearDown -->
        <test-method status="SKIP" signature="setUp()[pri:0, instance:google.qa.Testcases.SearchPageTest@a6d5a6]" name="setUp" is-config="true" duration-ms="0" started-at="2019-09-05T19:54:49Z" finished-at="2019-09-05T19:54:49Z">
          <reporter-output>
          </reporter-output>
        </test-method> <!-- setUp -->
        <test-method status="SKIP" signature="GooglesearchtextTest()[pri:3, instance:google.qa.Testcases.SearchPageTest@a6d5a6]" name="GooglesearchtextTest" duration-ms="0" started-at="2019-09-05T19:54:49Z" finished-at="2019-09-05T19:54:49Z">
          <reporter-output>
          </reporter-output>
        </test-method> <!-- GooglesearchtextTest -->
        <test-method status="SKIP" signature="tearDown()[pri:0, instance:google.qa.Testcases.SearchPageTest@a6d5a6]" name="tearDown" is-config="true" duration-ms="0" started-at="2019-09-05T19:54:49Z" finished-at="2019-09-05T19:54:49Z">
          <reporter-output>
          </reporter-output>
        </test-method> <!-- tearDown -->
        <test-method status="SKIP" signature="setUp()[pri:0, instance:google.qa.Testcases.SearchPageTest@a6d5a6]" name="setUp" is-config="true" duration-ms="0" started-at="2019-09-05T19:54:49Z" finished-at="2019-09-05T19:54:49Z">
          <reporter-output>
          </reporter-output>
        </test-method> <!-- setUp -->
        <test-method status="SKIP" signature="Googlesearchwithnovalue()[pri:4, instance:google.qa.Testcases.SearchPageTest@a6d5a6]" name="Googlesearchwithnovalue" duration-ms="0" started-at="2019-09-05T19:54:49Z" finished-at="2019-09-05T19:54:49Z">
          <reporter-output>
          </reporter-output>
        </test-method> <!-- Googlesearchwithnovalue -->
        <test-method status="SKIP" signature="tearDown()[pri:0, instance:google.qa.Testcases.SearchPageTest@a6d5a6]" name="tearDown" is-config="true" duration-ms="0" started-at="2019-09-05T19:54:49Z" finished-at="2019-09-05T19:54:49Z">
          <reporter-output>
          </reporter-output>
        </test-method> <!-- tearDown -->
        <test-method status="SKIP" signature="setUp()[pri:0, instance:google.qa.Testcases.SearchPageTest@a6d5a6]" name="setUp" is-config="true" duration-ms="0" started-at="2019-09-05T19:54:49Z" finished-at="2019-09-05T19:54:49Z">
          <reporter-output>
          </reporter-output>
        </test-method> <!-- setUp -->
        <test-method status="SKIP" signature="Googlesearchwithspecialchar()[pri:5, instance:google.qa.Testcases.SearchPageTest@a6d5a6]" name="Googlesearchwithspecialchar" duration-ms="1" started-at="2019-09-05T19:54:49Z" finished-at="2019-09-05T19:54:49Z">
          <reporter-output>
          </reporter-output>
        </test-method> <!-- Googlesearchwithspecialchar -->
        <test-method status="SKIP" signature="tearDown()[pri:0, instance:google.qa.Testcases.SearchPageTest@a6d5a6]" name="tearDown" is-config="true" duration-ms="0" started-at="2019-09-05T19:54:49Z" finished-at="2019-09-05T19:54:49Z">
          <reporter-output>
          </reporter-output>
        </test-method> <!-- tearDown -->
        <test-method status="SKIP" signature="setUp()[pri:0, instance:google.qa.Testcases.SearchPageTest@a6d5a6]" name="setUp" is-config="true" duration-ms="0" started-at="2019-09-05T19:54:49Z" finished-at="2019-09-05T19:54:49Z">
          <reporter-output>
          </reporter-output>
        </test-method> <!-- setUp -->
        <test-method status="SKIP" signature="Googlebtn()[pri:6, instance:google.qa.Testcases.SearchPageTest@a6d5a6]" name="Googlebtn" duration-ms="0" started-at="2019-09-05T19:54:49Z" finished-at="2019-09-05T19:54:49Z">
          <reporter-output>
          </reporter-output>
        </test-method> <!-- Googlebtn -->
        <test-method status="SKIP" signature="tearDown()[pri:0, instance:google.qa.Testcases.SearchPageTest@a6d5a6]" name="tearDown" is-config="true" duration-ms="0" started-at="2019-09-05T19:54:49Z" finished-at="2019-09-05T19:54:49Z">
          <reporter-output>
          </reporter-output>
        </test-method> <!-- tearDown -->
        <test-method status="SKIP" signature="setUp()[pri:0, instance:google.qa.Testcases.SearchPageTest@a6d5a6]" name="setUp" is-config="true" duration-ms="0" started-at="2019-09-05T19:54:49Z" finished-at="2019-09-05T19:54:49Z">
          <reporter-output>
          </reporter-output>
        </test-method> <!-- setUp -->
        <test-method status="SKIP" signature="GoogleLanguagelnk()[pri:7, instance:google.qa.Testcases.SearchPageTest@a6d5a6]" name="GoogleLanguagelnk" duration-ms="1" started-at="2019-09-05T19:54:49Z" finished-at="2019-09-05T19:54:49Z">
          <reporter-output>
          </reporter-output>
        </test-method> <!-- GoogleLanguagelnk -->
        <test-method status="SKIP" signature="tearDown()[pri:0, instance:google.qa.Testcases.SearchPageTest@a6d5a6]" name="tearDown" is-config="true" duration-ms="0" started-at="2019-09-05T19:54:49Z" finished-at="2019-09-05T19:54:49Z">
          <reporter-output>
          </reporter-output>
        </test-method> <!-- tearDown -->
        <test-method status="SKIP" signature="Googleautosearch()[pri:8, instance:google.qa.Testcases.SearchPageTest@a6d5a6]" name="Googleautosearch" duration-ms="1" started-at="2019-09-05T19:54:49Z" finished-at="2019-09-05T19:54:49Z">
          <reporter-output>
          </reporter-output>
        </test-method> <!-- Googleautosearch -->
        <test-method status="SKIP" signature="setUp()[pri:0, instance:google.qa.Testcases.SearchPageTest@a6d5a6]" name="setUp" is-config="true" duration-ms="0" started-at="2019-09-05T19:54:49Z" finished-at="2019-09-05T19:54:49Z">
          <reporter-output>
          </reporter-output>
        </test-method> <!-- setUp -->
        <test-method status="SKIP" signature="tearDown()[pri:0, instance:google.qa.Testcases.SearchPageTest@a6d5a6]" name="tearDown" is-config="true" duration-ms="0" started-at="2019-09-05T19:54:49Z" finished-at="2019-09-05T19:54:49Z">
          <reporter-output>
          </reporter-output>
        </test-method> <!-- tearDown -->
      </class> <!-- google.qa.Testcases.SearchPageTest -->
    </test> <!-- Default test -->
  </suite> <!-- Default suite -->
</testng-results>
