<?xml version="1.0" encoding="UTF-8"?>
<testng-results skipped="0" failed="0" total="8" passed="8">
  <reporter-output>
  </reporter-output>
  <suite name="Default suite" duration-ms="196768" started-at="2019-09-05T18:35:30Z" finished-at="2019-09-05T18:38:47Z">
    <groups>
    </groups>
    <test name="Default test" duration-ms="196768" started-at="2019-09-05T18:35:30Z" finished-at="2019-09-05T18:38:47Z">
      <class name="google.qa.Testcases.SearchPageTest">
        <test-method status="PASS" signature="setUp()[pri:0, instance:google.qa.Testcases.SearchPageTest@23a2f9]" name="setUp" is-config="true" duration-ms="42105" started-at="2019-09-06T00:05:30Z" finished-at="2019-09-06T00:06:12Z">
          <reporter-output>
          </reporter-output>
        </test-method> <!-- setUp -->
        <test-method status="PASS" signature="GooglepageTitleTest()[pri:1, instance:google.qa.Testcases.SearchPageTest@23a2f9]" name="GooglepageTitleTest" duration-ms="4903" started-at="2019-09-06T00:06:12Z" finished-at="2019-09-06T00:06:17Z">
          <reporter-output>
          </reporter-output>
        </test-method> <!-- GooglepageTitleTest -->
        <test-method status="PASS" signature="tearDown()[pri:0, instance:google.qa.Testcases.SearchPageTest@23a2f9]" name="tearDown" is-config="true" duration-ms="1185" started-at="2019-09-06T00:06:17Z" finished-at="2019-09-06T00:06:18Z">
          <reporter-output>
          </reporter-output>
        </test-method> <!-- tearDown -->
        <test-method status="PASS" signature="setUp()[pri:0, instance:google.qa.Testcases.SearchPageTest@23a2f9]" name="setUp" is-config="true" duration-ms="29197" started-at="2019-09-06T00:06:18Z" finished-at="2019-09-06T00:06:47Z">
          <reporter-output>
          </reporter-output>
        </test-method> <!-- setUp -->
        <test-method status="PASS" signature="GoogleLogoImageTest()[pri:2, instance:google.qa.Testcases.SearchPageTest@23a2f9]" name="GoogleLogoImageTest" duration-ms="3311" started-at="2019-09-06T00:06:47Z" finished-at="2019-09-06T00:06:51Z">
          <reporter-output>
          </reporter-output>
        </test-method> <!-- GoogleLogoImageTest -->
        <test-method status="PASS" signature="tearDown()[pri:0, instance:google.qa.Testcases.SearchPageTest@23a2f9]" name="tearDown" is-config="true" duration-ms="1093" started-at="2019-09-06T00:06:51Z" finished-at="2019-09-06T00:06:52Z">
          <reporter-output>
          </reporter-output>
        </test-method> <!-- tearDown -->
        <test-method status="PASS" signature="setUp()[pri:0, instance:google.qa.Testcases.SearchPageTest@23a2f9]" name="setUp" is-config="true" duration-ms="11786" started-at="2019-09-06T00:06:52Z" finished-at="2019-09-06T00:07:03Z">
          <reporter-output>
          </reporter-output>
        </test-method> <!-- setUp -->
        <test-method status="PASS" signature="GooglesearchtextTest()[pri:3, instance:google.qa.Testcases.SearchPageTest@23a2f9]" name="GooglesearchtextTest" duration-ms="2085" started-at="2019-09-06T00:07:03Z" finished-at="2019-09-06T00:07:06Z">
          <reporter-output>
          </reporter-output>
        </test-method> <!-- GooglesearchtextTest -->
        <test-method status="PASS" signature="tearDown()[pri:0, instance:google.qa.Testcases.SearchPageTest@23a2f9]" name="tearDown" is-config="true" duration-ms="985" started-at="2019-09-06T00:07:06Z" finished-at="2019-09-06T00:07:07Z">
          <reporter-output>
          </reporter-output>
        </test-method> <!-- tearDown -->
        <test-method status="PASS" signature="setUp()[pri:0, instance:google.qa.Testcases.SearchPageTest@23a2f9]" name="setUp" is-config="true" duration-ms="9205" started-at="2019-09-06T00:07:07Z" finished-at="2019-09-06T00:07:16Z">
          <reporter-output>
          </reporter-output>
        </test-method> <!-- setUp -->
        <test-method status="PASS" signature="Googlesearchwithnovalue()[pri:4, instance:google.qa.Testcases.SearchPageTest@23a2f9]" name="Googlesearchwithnovalue" duration-ms="1837" started-at="2019-09-06T00:07:16Z" finished-at="2019-09-06T00:07:18Z">
          <reporter-output>
          </reporter-output>
        </test-method> <!-- Googlesearchwithnovalue -->
        <test-method status="PASS" signature="tearDown()[pri:0, instance:google.qa.Testcases.SearchPageTest@23a2f9]" name="tearDown" is-config="true" duration-ms="1045" started-at="2019-09-06T00:07:18Z" finished-at="2019-09-06T00:07:19Z">
          <reporter-output>
          </reporter-output>
        </test-method> <!-- tearDown -->
        <test-method status="PASS" signature="setUp()[pri:0, instance:google.qa.Testcases.SearchPageTest@23a2f9]" name="setUp" is-config="true" duration-ms="10301" started-at="2019-09-06T00:07:19Z" finished-at="2019-09-06T00:07:29Z">
          <reporter-output>
          </reporter-output>
        </test-method> <!-- setUp -->
        <test-method status="PASS" signature="Googlesearchwithspecialchar()[pri:5, instance:google.qa.Testcases.SearchPageTest@23a2f9]" name="Googlesearchwithspecialchar" duration-ms="3049" started-at="2019-09-06T00:07:29Z" finished-at="2019-09-06T00:07:32Z">
          <reporter-output>
          </reporter-output>
        </test-method> <!-- Googlesearchwithspecialchar -->
        <test-method status="PASS" signature="tearDown()[pri:0, instance:google.qa.Testcases.SearchPageTest@23a2f9]" name="tearDown" is-config="true" duration-ms="881" started-at="2019-09-06T00:07:32Z" finished-at="2019-09-06T00:07:33Z">
          <reporter-output>
          </reporter-output>
        </test-method> <!-- tearDown -->
        <test-method status="PASS" signature="setUp()[pri:0, instance:google.qa.Testcases.SearchPageTest@23a2f9]" name="setUp" is-config="true" duration-ms="9698" started-at="2019-09-06T00:07:33Z" finished-at="2019-09-06T00:07:43Z">
          <reporter-output>
          </reporter-output>
        </test-method> <!-- setUp -->
        <test-method status="PASS" signature="Googlebtn()[pri:6, instance:google.qa.Testcases.SearchPageTest@23a2f9]" name="Googlebtn" duration-ms="1191" started-at="2019-09-06T00:07:43Z" finished-at="2019-09-06T00:07:44Z">
          <reporter-output>
          </reporter-output>
        </test-method> <!-- Googlebtn -->
        <test-method status="PASS" signature="tearDown()[pri:0, instance:google.qa.Testcases.SearchPageTest@23a2f9]" name="tearDown" is-config="true" duration-ms="1071" started-at="2019-09-06T00:07:44Z" finished-at="2019-09-06T00:07:45Z">
          <reporter-output>
          </reporter-output>
        </test-method> <!-- tearDown -->
        <test-method status="PASS" signature="setUp()[pri:0, instance:google.qa.Testcases.SearchPageTest@23a2f9]" name="setUp" is-config="true" duration-ms="9178" started-at="2019-09-06T00:07:45Z" finished-at="2019-09-06T00:07:54Z">
          <reporter-output>
          </reporter-output>
        </test-method> <!-- setUp -->
        <test-method status="PASS" signature="GoogleLanguagelnk()[pri:7, instance:google.qa.Testcases.SearchPageTest@23a2f9]" name="GoogleLanguagelnk" duration-ms="23184" started-at="2019-09-06T00:07:54Z" finished-at="2019-09-06T00:08:17Z">
          <reporter-output>
          </reporter-output>
        </test-method> <!-- GoogleLanguagelnk -->
        <test-method status="PASS" signature="tearDown()[pri:0, instance:google.qa.Testcases.SearchPageTest@23a2f9]" name="tearDown" is-config="true" duration-ms="1398" started-at="2019-09-06T00:08:17Z" finished-at="2019-09-06T00:08:19Z">
          <reporter-output>
          </reporter-output>
        </test-method> <!-- tearDown -->
        <test-method status="PASS" signature="setUp()[pri:0, instance:google.qa.Testcases.SearchPageTest@23a2f9]" name="setUp" is-config="true" duration-ms="10881" started-at="2019-09-06T00:08:19Z" finished-at="2019-09-06T00:08:29Z">
          <reporter-output>
          </reporter-output>
        </test-method> <!-- setUp -->
        <test-method status="PASS" signature="Googleautosearch()[pri:8, instance:google.qa.Testcases.SearchPageTest@23a2f9]" name="Googleautosearch" duration-ms="15486" started-at="2019-09-06T00:08:29Z" finished-at="2019-09-06T00:08:45Z">
          <reporter-output>
          </reporter-output>
        </test-method> <!-- Googleautosearch -->
        <test-method status="PASS" signature="tearDown()[pri:0, instance:google.qa.Testcases.SearchPageTest@23a2f9]" name="tearDown" is-config="true" duration-ms="1633" started-at="2019-09-06T00:08:45Z" finished-at="2019-09-06T00:08:47Z">
          <reporter-output>
          </reporter-output>
        </test-method> <!-- tearDown -->
      </class> <!-- google.qa.Testcases.SearchPageTest -->
    </test> <!-- Default test -->
  </suite> <!-- Default suite -->
</testng-results>
