<?xml version="1.0" encoding="UTF-8"?>
<!-- Generated by org.testng.reporters.JUnitXMLReporter -->
<testsuite hostname="Admin-PC" name="Test" tests="13" failures="1" timestamp="6 Sep 2019 12:34:52 GMT" time="288.825" errors="0">
  <testcase name="GooglepageTitleTest" time="0.203" classname="google.qa.Testcases.SearchPageTest"/>
  <testcase name="GoogleLogoImageTest" time="0.205" classname="google.qa.Testcases.SearchPageTest"/>
  <testcase name="GooglesearchtextTest" time="0.154" classname="google.qa.Testcases.SearchPageTest"/>
  <testcase name="Googlesearchwithnovalue" time="0.306" classname="google.qa.Testcases.SearchPageTest"/>
  <testcase name="Googlesearchwithspecialchar" time="0.96" classname="google.qa.Testcases.SearchPageTest"/>
  <testcase name="Googlebtn" time="0.457" classname="google.qa.Testcases.SearchPageTest"/>
  <testcase name="GoogleLanguagelnk" time="71.942" classname="google.qa.Testcases.SearchPageTest"/>
  <testcase name="Googleautosearch" time="12.319" classname="google.qa.Testcases.SearchPageTest"/>
  <testcase name="Googleautosearch" time="20.346" classname="google.qa.Testcases.SearchPageTest"/>
  <testcase name="validategooglesigninTest" time="6.863" classname="google.qa.Testcases.SearchPageTest"/>
  <testcase name="validategooglegmaillnkTest" time="15.575" classname="google.qa.Testcases.SearchPageTest"/>
  <testcase name="validategoogleimgTest" time="4.606" classname="google.qa.Testcases.SearchPageTest"/>
  <testcase name="Googleaapps" time="4.242" classname="google.qa.Testcases.SearchPageTest">
    <failure type="java.lang.ClassCastException" message="java.util.ArrayList cannot be cast to org.openqa.selenium.WebElement">
      <![CDATA[java.lang.ClassCastException: java.util.ArrayList cannot be cast to org.openqa.selenium.WebElement
	at google.qa.searchpage.Searchpage.Validategoogleapps(Searchpage.java:140)
	at google.qa.Testcases.SearchPageTest.Googleaapps(SearchPageTest.java:142)
... Removed 24 stack frames]]>
    </failure>
  </testcase> <!-- Googleaapps -->
</testsuite> <!-- Test -->
